2026-01-02 11:00:24,603 - main - INFO - Server starting up...
2026-01-02 11:00:29,414 - main - INFO - Database initialized.
2026-01-02 11:00:39,472 - main - INFO - Server shutting down...
2026-01-02 11:00:54,747 - main - INFO - Server starting up...
2026-01-02 11:00:59,044 - main - INFO - Database initialized.
2026-01-02 11:01:12,606 - main - INFO - Server starting up...
2026-01-02 11:01:17,725 - main - INFO - Database initialized.
2026-01-02 11:39:48,257 - auth - INFO - Login attempt for user: admin
2026-01-02 11:39:50,964 - auth - INFO - Login successful for user: admin
2026-01-02 13:18:30,749 - main - INFO - Server shutting down...
2026-01-02 13:18:48,140 - main - INFO - Server starting up...
2026-01-02 13:18:53,410 - main - INFO - Database initialized.
2026-01-02 13:20:14,553 - main - INFO - Server shutting down...
2026-01-02 13:20:26,558 - main - INFO - Server starting up...
2026-01-02 13:20:31,096 - main - INFO - Database initialized.
2026-01-02 17:44:54,746 - main - INFO - Server shutting down...
2026-01-02 17:45:27,396 - main - INFO - Server starting up...
2026-01-02 17:45:32,831 - main - INFO - Database initialized.
2026-01-02 17:45:53,015 - main - INFO - Server starting up...
2026-01-02 17:45:57,822 - main - INFO - Database initialized.
2026-01-02 17:46:15,206 - main - INFO - Server starting up...
2026-01-02 17:46:21,556 - main - INFO - Database initialized.
2026-01-02 17:48:42,828 - auth - INFO - Login attempt for user: admin
2026-01-02 17:48:43,611 - auth - INFO - Login successful for user: admin
2026-01-02 17:49:24,175 - transactions - INFO - Transaction created: PURCHASE 1 (Grain: 1)
2026-01-02 17:50:45,089 - transactions - INFO - Bulk Sale Created: 2 transactions. Group ID: 3fb44d80-d5cc-4487-97f5-919bc332a71c
2026-01-02 17:57:54,636 - main - INFO - Server shutting down...
2026-01-02 17:58:07,991 - main - INFO - Server starting up...
2026-01-02 17:58:12,776 - main - INFO - Database initialized.
2026-01-02 17:58:27,162 - main - INFO - Server starting up...
2026-01-02 17:58:31,659 - main - INFO - Database initialized.
2026-01-02 17:58:45,157 - main - INFO - Server starting up...
2026-01-02 17:58:49,957 - main - INFO - Database initialized.
2026-01-02 17:59:02,131 - main - INFO - Server starting up...
2026-01-02 17:59:06,750 - main - INFO - Database initialized.
2026-01-02 18:00:52,339 - auth - INFO - Login attempt for user: admin
2026-01-02 18:00:53,064 - auth - INFO - Login successful for user: admin
2026-01-02 18:01:46,433 - transactions - INFO - Dispatch Info deleted for group 3fb44d80-d5cc-4487-97f5-919bc332a71c
2026-01-02 18:01:46,807 - transactions - INFO - Transaction deleted: 26
2026-01-02 18:03:17,629 - transactions - INFO - Bulk Sale Created: 2 transactions. Group ID: 0cac6fc5-9f89-4f01-b2c0-828a9819239d
2026-01-02 18:07:55,719 - main - INFO - Server shutting down...
2026-01-02 18:08:08,428 - main - INFO - Server starting up...
2026-01-02 18:08:15,559 - main - INFO - Database initialized.
2026-01-02 18:26:31,941 - auth - INFO - Login attempt for user: admin
2026-01-02 18:26:33,006 - auth - INFO - Login successful for user: admin
2026-01-02 18:27:46,182 - transactions - INFO - Dispatch Info deleted for group 0cac6fc5-9f89-4f01-b2c0-828a9819239d
2026-01-02 18:27:46,563 - transactions - INFO - Transaction deleted: 27
2026-01-02 18:29:09,688 - transactions - INFO - Bulk Sale Created: 1 transactions. Group ID: b60860a6-bf84-45fd-b2e9-8d9b72bdaea5
2026-01-02 18:35:17,858 - auth - INFO - Login attempt for user: admin
2026-01-02 18:35:18,618 - auth - INFO - Login successful for user: admin
2026-01-02 18:46:57,142 - main - INFO - Server shutting down...
2026-01-02 18:47:12,843 - main - INFO - Server starting up...
2026-01-02 18:47:17,699 - main - INFO - Database initialized.
2026-01-02 18:53:27,364 - auth - INFO - Login attempt for user: admin
2026-01-02 18:53:28,192 - auth - INFO - Login successful for user: admin
2026-01-02 18:57:07,005 - auth - INFO - Login attempt for user: admin
2026-01-02 18:57:07,700 - auth - INFO - Login successful for user: admin
2026-01-02 19:01:51,625 - auth - INFO - Login attempt for user: admin
2026-01-02 19:01:52,446 - auth - INFO - Login successful for user: admin
2026-01-02 19:06:11,943 - main - INFO - Server shutting down...
2026-01-02 19:06:36,440 - main - INFO - Server starting up...
2026-01-02 19:06:42,206 - main - INFO - Database initialized.
2026-01-02 19:06:52,036 - main - INFO - Server shutting down...
2026-01-02 19:07:05,128 - main - INFO - Server starting up...
2026-01-02 19:07:09,808 - main - INFO - Database initialized.
2026-01-02 19:07:22,130 - main - INFO - Server shutting down...
2026-01-02 19:07:47,774 - main - INFO - Server starting up...
2026-01-02 19:07:53,384 - main - INFO - Database initialized.
2026-01-02 19:21:17,309 - auth - INFO - Login attempt for user: admin
2026-01-02 19:21:18,379 - auth - INFO - Login successful for user: admin
2026-01-02 19:26:20,041 - main - INFO - Server shutting down...
2026-01-02 19:26:39,491 - main - INFO - Server starting up...
2026-01-02 19:26:44,644 - main - INFO - Database initialized.
2026-01-02 19:28:15,053 - auth - INFO - Login attempt for user: admin
2026-01-02 19:28:15,830 - auth - INFO - Login successful for user: admin
2026-01-02 19:32:35,268 - auth - INFO - Login attempt for user: admin
2026-01-02 19:32:36,240 - auth - INFO - Login successful for user: admin
2026-01-02 19:36:54,264 - auth - INFO - Login attempt for user: admin
2026-01-02 19:36:55,417 - auth - INFO - Login successful for user: admin
2026-01-02 19:39:44,749 - auth - INFO - Login attempt for user: admin
2026-01-02 19:39:45,989 - auth - INFO - Login successful for user: admin
2026-01-02 19:45:18,018 - auth - INFO - Login attempt for user: admin
2026-01-02 19:45:18,881 - auth - INFO - Login successful for user: admin
2026-01-02 19:51:35,960 - auth - INFO - Login attempt for user: admin
2026-01-02 19:51:36,684 - auth - INFO - Login successful for user: admin
2026-01-02 19:56:29,558 - auth - INFO - Login attempt for user: admin
2026-01-02 19:56:30,419 - auth - INFO - Login successful for user: admin
2026-01-02 19:56:57,534 - transactions - INFO - Transaction deleted: 25
2026-01-02 19:57:02,964 - transactions - INFO - Dispatch Info deleted for group b60860a6-bf84-45fd-b2e9-8d9b72bdaea5
2026-01-02 19:57:03,374 - transactions - INFO - Transaction deleted: 28
2026-01-02 23:04:44,709 - auth - INFO - Login attempt for user: admin
2026-01-02 23:04:45,956 - auth - INFO - Login successful for user: admin
2026-01-04 17:46:22,222 - auth - INFO - Login attempt for user: admin
2026-01-04 17:46:25,247 - auth - INFO - Login successful for user: admin
2026-01-04 17:49:44,982 - auth - INFO - Login attempt for user: admin
2026-01-04 17:49:45,736 - auth - INFO - Login successful for user: admin
2026-01-04 18:18:06,324 - auth - INFO - Login attempt for user: admin
2026-01-04 18:18:07,174 - auth - INFO - Login successful for user: admin
2026-01-07 23:08:36,309 - auth - INFO - Login attempt for user: admin
2026-01-07 23:08:41,316 - auth - INFO - Login attempt for user: admin
2026-01-07 23:08:44,883 - auth - INFO - Login successful for user: admin
2026-01-07 23:24:13,628 - auth - INFO - Login attempt for user: admin
2026-01-07 23:24:38,405 - auth - INFO - Login attempt for user: admin
2026-01-07 23:24:43,705 - auth - INFO - Login successful for user: admin
2026-01-07 23:28:58,718 - auth - INFO - Login attempt for user: admin
2026-01-07 23:29:01,105 - auth - INFO - Login successful for user: admin
2026-01-07 23:29:15,691 - auth - INFO - Login attempt for user: shashank
2026-01-07 23:29:16,846 - auth - INFO - Login successful for user: shashank
2026-01-07 23:29:45,479 - auth - INFO - Login attempt for user: admin
2026-01-07 23:29:46,287 - auth - INFO - Login successful for user: admin
2026-01-07 23:30:33,922 - auth - INFO - Login attempt for user: shashank
2026-01-07 23:30:34,751 - auth - INFO - Login successful for user: shashank
2026-01-07 23:33:48,288 - main - INFO - Server shutting down...
2026-01-07 23:34:44,382 - main - INFO - Server starting up...
2026-01-07 23:34:49,252 - main - INFO - Database initialized.
2026-01-09 14:18:47,999 - main - INFO - Server starting up...
2026-01-09 14:18:54,385 - main - INFO - Database initialized.
2026-01-09 14:29:29,284 - auth - INFO - Login attempt for user: admin
2026-01-09 14:29:30,571 - auth - INFO - Login successful for user: admin
2026-01-09 15:11:50,337 - main - INFO - Server shutting down...
2026-01-09 15:12:03,552 - main - INFO - Server starting up...
2026-01-09 15:12:08,865 - main - INFO - Database initialized.
2026-01-09 15:14:25,357 - main - INFO - Server shutting down...
2026-01-09 15:14:44,144 - main - INFO - Server starting up...
2026-01-09 15:14:49,252 - main - INFO - Database initialized.
2026-01-09 15:19:46,381 - auth - INFO - Login attempt for user: admin
2026-01-09 15:19:47,413 - auth - INFO - Login successful for user: admin
2026-01-09 15:27:59,255 - auth - INFO - Login attempt for user: admin
2026-01-09 15:28:00,475 - auth - INFO - Login successful for user: admin
2026-01-09 15:33:09,795 - main - INFO - Server shutting down...
2026-01-09 15:33:25,232 - main - INFO - Server starting up...
2026-01-09 15:33:31,589 - main - INFO - Database initialized.
2026-01-09 15:37:01,195 - auth - INFO - Login attempt for user: admin
2026-01-09 15:37:02,126 - auth - INFO - Login successful for user: admin
2026-01-09 15:52:37,653 - auth - INFO - Login attempt for user: admin
2026-01-09 15:52:38,828 - auth - INFO - Login successful for user: admin
2026-01-09 16:05:03,817 - auth - INFO - Login attempt for user: admin
2026-01-09 16:05:04,910 - auth - INFO - Login successful for user: admin
2026-01-09 16:07:01,410 - auth - INFO - Login attempt for user: admin
2026-01-09 16:07:02,470 - auth - INFO - Login successful for user: admin
2026-01-09 16:20:21,094 - main - INFO - Server shutting down...
2026-01-09 16:20:35,005 - main - INFO - Server starting up...
2026-01-09 16:20:40,089 - main - INFO - Database initialized.
2026-01-09 16:42:45,822 - main - INFO - Server shutting down...
2026-01-09 16:43:09,748 - main - INFO - Server starting up...
2026-01-09 16:43:14,826 - main - INFO - Database initialized.
2026-01-09 16:46:21,987 - auth - INFO - Login attempt for user: admin
2026-01-09 16:46:23,064 - auth - INFO - Login successful for user: admin
2026-01-09 17:01:25,698 - auth - INFO - Login attempt for user: admin
2026-01-09 17:01:26,803 - auth - INFO - Login successful for user: admin
2026-01-09 17:15:03,831 - auth - INFO - Login attempt for user: admin
2026-01-09 17:15:04,809 - auth - INFO - Login successful for user: admin
2026-01-09 22:18:16,985 - auth - INFO - Login attempt for user: admin
2026-01-09 22:18:20,177 - auth - INFO - Login successful for user: admin
2026-01-09 22:25:02,591 - auth - INFO - Login attempt for user: admin
2026-01-09 22:25:03,510 - auth - INFO - Login successful for user: admin
2026-01-10 14:13:11,364 - auth - INFO - Login attempt for user: admin
2026-01-10 14:13:12,564 - auth - INFO - Login successful for user: admin
2026-01-10 14:13:50,915 - transactions - INFO - Transaction created: PURCHASE 1 (Grain: 1)
2026-01-10 14:15:20,404 - transactions - INFO - Bulk Sale Created: 1 transactions. Group ID: d677d4f7-cd8f-4d67-94bb-cca6ea51f810
2026-01-10 20:55:15,681 - main - INFO - Server starting up...
2026-01-10 20:55:20,677 - main - INFO - Database initialized.
2026-01-10 21:05:09,250 - auth - INFO - Login attempt for user: admin
2026-01-10 21:05:10,188 - auth - INFO - Login successful for user: admin
2026-01-10 21:06:22,066 - transactions - INFO - Transaction created: PURCHASE 2 (Grain: 1)
2026-01-10 21:08:24,748 - transactions - INFO - Transaction created: PURCHASE 3 (Grain: 1)
2026-01-10 21:11:26,723 - transactions - INFO - Bulk Sale Created: 1 transactions. Group ID: 20c1f62b-cc24-473c-b591-64b252993769
2026-01-10 21:18:08,684 - auth - INFO - Login attempt for user: admin
2026-01-10 21:18:09,656 - auth - INFO - Login successful for user: admin
2026-01-10 21:19:34,551 - auth - INFO - Login attempt for user: admin
2026-01-10 21:19:35,401 - auth - INFO - Login successful for user: admin
2026-01-10 21:27:53,838 - main - INFO - Server shutting down...
2026-01-10 21:28:07,114 - main - INFO - Server starting up...
2026-01-10 21:28:11,891 - main - INFO - Database initialized.
2026-01-10 21:32:28,966 - auth - INFO - Login attempt for user: admin
2026-01-10 21:32:29,877 - auth - INFO - Login successful for user: admin
2026-01-10 21:40:57,162 - auth - INFO - Login attempt for user: admin
2026-01-10 21:40:58,144 - auth - INFO - Login successful for user: admin
2026-01-10 21:45:15,991 - auth - INFO - Login attempt for user: admin
2026-01-10 21:45:17,231 - auth - INFO - Login successful for user: admin
2026-01-10 21:56:35,538 - auth - INFO - Login attempt for user: admin
2026-01-10 21:56:36,518 - auth - INFO - Login successful for user: admin
2026-01-10 22:03:56,536 - auth - INFO - Login attempt for user: admin
2026-01-10 22:03:58,020 - auth - INFO - Login successful for user: admin
2026-01-10 22:07:13,203 - auth - INFO - Login attempt for user: admin
2026-01-10 22:07:14,218 - auth - INFO - Login successful for user: admin
2026-01-10 22:16:50,605 - auth - INFO - Login attempt for user: admin
2026-01-10 22:16:51,483 - auth - INFO - Login successful for user: admin
2026-01-11 17:17:26,874 - auth - INFO - Login attempt for user: admin
2026-01-11 17:17:30,169 - auth - INFO - Login successful for user: admin
2026-01-11 17:23:57,695 - auth - INFO - Login attempt for user: admin
2026-01-11 17:23:58,767 - auth - INFO - Login successful for user: admin
2026-01-11 17:34:40,203 - auth - INFO - Login attempt for user: admin
2026-01-11 17:34:41,206 - auth - INFO - Login successful for user: admin
2026-01-11 17:36:34,523 - transactions - INFO - Transaction updated: 3094
2026-01-11 17:46:55,956 - main - INFO - Server shutting down...
2026-01-11 17:47:23,291 - main - INFO - Server starting up...
2026-01-11 17:47:28,335 - main - INFO - Database initialized.
2026-01-11 17:55:39,861 - auth - INFO - Login attempt for user: admin
2026-01-11 17:55:40,860 - auth - INFO - Login successful for user: admin
2026-01-11 17:57:51,251 - transactions - INFO - Transaction updated: 3093
2026-01-11 17:58:07,387 - transactions - INFO - Transaction updated: 3095
2026-01-11 17:58:35,228 - transactions - INFO - Transaction updated: 3096
2026-01-11 18:10:47,723 - transactions - INFO - Transaction created: PURCHASE 5 (Grain: 1)
2026-01-11 18:11:44,123 - transactions - INFO - Transaction deleted: 3097
2026-01-11 20:24:30,884 - master - INFO - Contact created: Pappu sahu (supplier)
2026-01-11 20:25:31,035 - transactions - INFO - Transaction created: PURCHASE 5 (Grain: 1)
2026-01-11 20:26:24,680 - master - INFO - Contact created: Sadeep sahu didoniya (supplier)
2026-01-11 20:26:51,903 - transactions - INFO - Transaction created: PURCHASE 6 (Grain: 1)
2026-01-11 20:27:57,317 - master - INFO - Contact created: Dev shankar sharma (supplier)
2026-01-11 20:28:22,408 - transactions - INFO - Transaction created: PURCHASE 7 (Grain: 1)
2026-01-11 20:28:47,917 - master - INFO - Contact created: Ghanshyam Agrawal (supplier)
2026-01-11 20:29:26,237 - master - INFO - Contact created: Mangaldeen Kushwaha (supplier)
2026-01-11 20:30:04,907 - transactions - INFO - Transaction created: PURCHASE 8 (Grain: 1)
2026-01-11 20:30:33,204 - master - INFO - Contact created: Rajendra yadav Gudpara (supplier)
2026-01-11 20:31:26,704 - transactions - INFO - Transaction created: PURCHASE 9 (Grain: 1)
2026-01-11 20:31:57,301 - transactions - INFO - Transaction updated: 3101
2026-01-11 20:35:13,400 - transactions - INFO - Transaction created: PURCHASE 10 (Grain: 1)
2026-01-11 20:36:32,541 - master - INFO - Contact created: balli agrawal ganj (supplier)
2026-01-11 20:37:23,348 - transactions - INFO - Transaction created: PURCHASE 11 (Grain: 1)
2026-01-11 20:38:00,701 - master - INFO - Contact created: neeraj yadav (supplier)
2026-01-11 20:38:23,984 - transactions - INFO - Transaction created: PURCHASE 12 (Grain: 1)
2026-01-11 20:39:00,885 - transactions - INFO - Transaction updated: 3095
2026-01-11 20:44:27,669 - master - INFO - Contact created: 9JanuaryTak (supplier)
2026-01-11 20:44:52,025 - transactions - INFO - Transaction created: PURCHASE 13 (Grain: 1)
2026-01-11 20:45:30,672 - transactions - INFO - Transaction updated: 3102
2026-01-11 20:45:42,371 - transactions - INFO - Transaction updated: 3103
2026-01-11 20:45:52,501 - transactions - INFO - Transaction updated: 3104
2026-01-11 20:46:04,143 - transactions - INFO - Transaction updated: 3105
2026-01-11 20:48:12,431 - master - INFO - Contact created: Ajay Food Products (Katni) pvt ltd (buyer)
2026-01-11 20:56:28,479 - transactions - INFO - Dispatch Info updated for group fab78b6c-3735-4d3a-b8f8-658dd3447bc1
2026-01-11 20:56:28,481 - transactions - INFO - Transaction updated: 3107
2026-01-11 21:02:55,570 - main - INFO - Server shutting down...
2026-01-11 21:03:13,155 - main - INFO - Server starting up...
2026-01-11 21:03:18,024 - main - INFO - Database initialized.
2026-01-11 21:04:06,098 - auth - INFO - Login attempt for user: admin
2026-01-11 21:04:06,987 - auth - INFO - Login successful for user: admin
2026-01-11 21:10:08,095 - transactions - INFO - Dispatch Info updated for group fab78b6c-3735-4d3a-b8f8-658dd3447bc1
2026-01-11 21:10:08,099 - transactions - INFO - Transaction updated: 3107
2026-01-11 21:18:58,723 - transactions - INFO - Dispatch Info updated for group fab78b6c-3735-4d3a-b8f8-658dd3447bc1
2026-01-11 21:18:58,728 - transactions - INFO - Transaction updated: 3107
2026-01-11 22:05:43,116 - transactions - INFO - Dispatch Info updated for group fab78b6c-3735-4d3a-b8f8-658dd3447bc1
2026-01-11 22:05:43,116 - transactions - INFO - Transaction updated: 3107
2026-01-11 22:07:26,502 - main - INFO - Server shutting down...
2026-01-11 22:07:47,348 - main - INFO - Server starting up...
2026-01-11 22:07:52,492 - main - INFO - Database initialized.
2026-01-11 22:09:53,857 - transactions - INFO - Dispatch Info updated for group fab78b6c-3735-4d3a-b8f8-658dd3447bc1
2026-01-11 22:09:53,860 - transactions - INFO - Transaction updated: 3107
